2025-10-27T11:11:39.282+05:30  INFO 15532 --- [bpcl] [restartedMain] com.bpcl.BpclApplication                 : Starting BpclApplication using Java 21.0.6 with PID 15532 (D:\August2025\bpcl\target\classes started by ctel in D:\August2025\bpcl)
2025-10-27T11:11:39.306+05:30  INFO 15532 --- [bpcl] [restartedMain] com.bpcl.BpclApplication                 : No active profile set, falling back to 1 default profile: "default"
2025-10-27T11:11:39.520+05:30  INFO 15532 --- [bpcl] [restartedMain] .e.DevToolsPropertyDefaultsPostProcessor : Devtools property defaults active! Set 'spring.devtools.add-properties' to 'false' to disable
2025-10-27T11:11:39.522+05:30  INFO 15532 --- [bpcl] [restartedMain] .e.DevToolsPropertyDefaultsPostProcessor : For additional web related logging consider setting the 'logging.level.web' property to 'DEBUG'
2025-10-27T11:11:42.324+05:30  INFO 15532 --- [bpcl] [restartedMain] .s.d.r.c.RepositoryConfigurationDelegate : Bootstrapping Spring Data JPA repositories in DEFAULT mode.
2025-10-27T11:11:42.408+05:30  INFO 15532 --- [bpcl] [restartedMain] .s.d.r.c.RepositoryConfigurationDelegate : Finished Spring Data repository scanning in 46 ms. Found 0 JPA repository interfaces.
2025-10-27T11:11:44.528+05:30  INFO 15532 --- [bpcl] [restartedMain] o.s.b.w.embedded.tomcat.TomcatWebServer  : Tomcat initialized with port 8080 (http)
2025-10-27T11:11:44.578+05:30  INFO 15532 --- [bpcl] [restartedMain] o.apache.catalina.core.StandardService   : Starting service [Tomcat]
2025-10-27T11:11:44.579+05:30  INFO 15532 --- [bpcl] [restartedMain] o.apache.catalina.core.StandardEngine    : Starting Servlet engine: [Apache Tomcat/10.1.46]
2025-10-27T11:11:44.767+05:30  INFO 15532 --- [bpcl] [restartedMain] o.a.c.c.C.[Tomcat].[localhost].[/]       : Initializing Spring embedded WebApplicationContext
2025-10-27T11:11:44.769+05:30  INFO 15532 --- [bpcl] [restartedMain] w.s.c.ServletWebServerApplicationContext : Root WebApplicationContext: initialization completed in 5241 ms
2025-10-27T11:11:45.270+05:30  INFO 15532 --- [bpcl] [restartedMain] com.zaxxer.hikari.HikariDataSource       : HikariPool-1 - Starting...
2025-10-27T11:11:45.684+05:30  INFO 15532 --- [bpcl] [restartedMain] com.zaxxer.hikari.pool.HikariPool        : HikariPool-1 - Added connection org.postgresql.jdbc.PgConnection@18c72c5a
2025-10-27T11:11:45.691+05:30  INFO 15532 --- [bpcl] [restartedMain] com.zaxxer.hikari.HikariDataSource       : HikariPool-1 - Start completed.
2025-10-27T11:11:45.920+05:30  INFO 15532 --- [bpcl] [restartedMain] o.hibernate.jpa.internal.util.LogHelper  : HHH000204: Processing PersistenceUnitInfo [name: default]
2025-10-27T11:11:46.310+05:30  INFO 15532 --- [bpcl] [restartedMain] org.hibernate.Version                    : HHH000412: Hibernate ORM core version 6.6.29.Final
2025-10-27T11:11:46.469+05:30  INFO 15532 --- [bpcl] [restartedMain] o.h.c.internal.RegionFactoryInitiator    : HHH000026: Second-level cache disabled
2025-10-27T11:11:47.807+05:30  INFO 15532 --- [bpcl] [restartedMain] o.s.o.j.p.SpringPersistenceUnitInfo      : No LoadTimeWeaver setup: ignoring JPA class transformer
2025-10-27T11:11:48.026+05:30  WARN 15532 --- [bpcl] [restartedMain] org.hibernate.orm.deprecation            : HHH90000025: PostgreSQLDialect does not need to be specified explicitly using 'hibernate.dialect' (remove the property setting and it will be selected by default)
2025-10-27T11:11:48.087+05:30  INFO 15532 --- [bpcl] [restartedMain] org.hibernate.orm.connections.pooling    : HHH10001005: Database info:
	Database JDBC URL [Connecting through datasource 'HikariDataSource (HikariPool-1)']
	Database driver: undefined/unknown
	Database version: 13.8.12
	Autocommit mode: undefined/unknown
	Isolation level: undefined/unknown
	Minimum pool size: undefined/unknown
	Maximum pool size: undefined/unknown
2025-10-27T11:11:49.582+05:30  INFO 15532 --- [bpcl] [restartedMain] o.h.e.t.j.p.i.JtaPlatformInitiator       : HHH000489: No JTA platform available (set 'hibernate.transaction.jta.platform' to enable JTA platform integration)
2025-10-27T11:11:49.618+05:30  INFO 15532 --- [bpcl] [restartedMain] j.LocalContainerEntityManagerFactoryBean : Initialized JPA EntityManagerFactory for persistence unit 'default'
2025-10-27T11:11:50.890+05:30  WARN 15532 --- [bpcl] [restartedMain] JpaBaseConfiguration$JpaWebConfiguration : spring.jpa.open-in-view is enabled by default. Therefore, database queries may be performed during view rendering. Explicitly configure spring.jpa.open-in-view to disable this warning
2025-10-27T11:11:55.117+05:30  INFO 15532 --- [bpcl] [restartedMain] o.s.b.d.a.OptionalLiveReloadServer       : LiveReload server is running on port 35729
2025-10-27T11:11:55.513+05:30  INFO 15532 --- [bpcl] [restartedMain] o.s.b.w.embedded.tomcat.TomcatWebServer  : Tomcat started on port 8080 (http) with context path '/'
2025-10-27T11:11:55.588+05:30  INFO 15532 --- [bpcl] [restartedMain] com.bpcl.BpclApplication                 : Started BpclApplication in 18.271 seconds (process running for 22.902)
2025-10-27T11:15:01.389+05:30  INFO 15532 --- [bpcl] [http-nio-8080-exec-3] o.a.c.c.C.[Tomcat].[localhost].[/]       : Initializing Spring DispatcherServlet 'dispatcherServlet'
2025-10-27T11:15:01.393+05:30  INFO 15532 --- [bpcl] [http-nio-8080-exec-3] o.s.web.servlet.DispatcherServlet        : Initializing Servlet 'dispatcherServlet'
2025-10-27T11:15:01.420+05:30  INFO 15532 --- [bpcl] [http-nio-8080-exec-3] o.s.web.servlet.DispatcherServlet        : Completed initialization in 26 ms
2025-10-27T11:15:02.715+05:30  INFO 15532 --- [bpcl] [http-nio-8080-exec-3] o.a.k.clients.producer.ProducerConfig    : ProducerConfig values: 
	acks = -1
	auto.include.jmx.reporter = true
	batch.size = 16384
	bootstrap.servers = [10.10.10.98:9092]
	buffer.memory = 33554432
	client.dns.lookup = use_all_dns_ips
	client.id = bpcl-producer-1
	compression.gzip.level = -1
	compression.lz4.level = 9
	compression.type = none
	compression.zstd.level = 3
	connections.max.idle.ms = 540000
	delivery.timeout.ms = 120000
	enable.idempotence = true
	enable.metrics.push = true
	interceptor.classes = []
	key.serializer = class org.apache.kafka.common.serialization.StringSerializer
	linger.ms = 0
	max.block.ms = 60000
	max.in.flight.requests.per.connection = 5
	max.request.size = 1048576
	metadata.max.age.ms = 300000
	metadata.max.idle.ms = 300000
	metadata.recovery.strategy = none
	metric.reporters = []
	metrics.num.samples = 2
	metrics.recording.level = INFO
	metrics.sample.window.ms = 30000
	partitioner.adaptive.partitioning.enable = true
	partitioner.availability.timeout.ms = 0
	partitioner.class = null
	partitioner.ignore.keys = false
	receive.buffer.bytes = 32768
	reconnect.backoff.max.ms = 1000
	reconnect.backoff.ms = 50
	request.timeout.ms = 30000
	retries = 2147483647
	retry.backoff.max.ms = 1000
	retry.backoff.ms = 100
	sasl.client.callback.handler.class = null
	sasl.jaas.config = null
	sasl.kerberos.kinit.cmd = /usr/bin/kinit
	sasl.kerberos.min.time.before.relogin = 60000
	sasl.kerberos.service.name = null
	sasl.kerberos.ticket.renew.jitter = 0.05
	sasl.kerberos.ticket.renew.window.factor = 0.8
	sasl.login.callback.handler.class = null
	sasl.login.class = null
	sasl.login.connect.timeout.ms = null
	sasl.login.read.timeout.ms = null
	sasl.login.refresh.buffer.seconds = 300
	sasl.login.refresh.min.period.seconds = 60
	sasl.login.refresh.window.factor = 0.8
	sasl.login.refresh.window.jitter = 0.05
	sasl.login.retry.backoff.max.ms = 10000
	sasl.login.retry.backoff.ms = 100
	sasl.mechanism = GSSAPI
	sasl.oauthbearer.clock.skew.seconds = 30
	sasl.oauthbearer.expected.audience = null
	sasl.oauthbearer.expected.issuer = null
	sasl.oauthbearer.header.urlencode = false
	sasl.oauthbearer.jwks.endpoint.refresh.ms = 3600000
	sasl.oauthbearer.jwks.endpoint.retry.backoff.max.ms = 10000
	sasl.oauthbearer.jwks.endpoint.retry.backoff.ms = 100
	sasl.oauthbearer.jwks.endpoint.url = null
	sasl.oauthbearer.scope.claim.name = scope
	sasl.oauthbearer.sub.claim.name = sub
	sasl.oauthbearer.token.endpoint.url = null
	security.protocol = PLAINTEXT
	security.providers = null
	send.buffer.bytes = 131072
	socket.connection.setup.timeout.max.ms = 30000
	socket.connection.setup.timeout.ms = 10000
	ssl.cipher.suites = null
	ssl.enabled.protocols = [TLSv1.2, TLSv1.3]
	ssl.endpoint.identification.algorithm = https
	ssl.engine.factory.class = null
	ssl.key.password = null
	ssl.keymanager.algorithm = SunX509
	ssl.keystore.certificate.chain = null
	ssl.keystore.key = null
	ssl.keystore.location = null
	ssl.keystore.password = null
	ssl.keystore.type = JKS
	ssl.protocol = TLSv1.3
	ssl.provider = null
	ssl.secure.random.implementation = null
	ssl.trustmanager.algorithm = PKIX
	ssl.truststore.certificates = null
	ssl.truststore.location = null
	ssl.truststore.password = null
	ssl.truststore.type = JKS
	transaction.timeout.ms = 60000
	transactional.id = null
	value.serializer = class org.apache.kafka.common.serialization.StringSerializer

2025-10-27T11:15:02.926+05:30  INFO 15532 --- [bpcl] [http-nio-8080-exec-3] o.a.k.c.t.i.KafkaMetricsCollector        : initializing Kafka metrics collector
2025-10-27T11:15:03.018+05:30  INFO 15532 --- [bpcl] [http-nio-8080-exec-3] o.a.k.clients.producer.KafkaProducer     : [Producer clientId=bpcl-producer-1] Instantiated an idempotent producer.
2025-10-27T11:15:03.285+05:30  INFO 15532 --- [bpcl] [http-nio-8080-exec-3] o.a.kafka.common.utils.AppInfoParser     : Kafka version: 3.9.1
2025-10-27T11:15:03.286+05:30  INFO 15532 --- [bpcl] [http-nio-8080-exec-3] o.a.kafka.common.utils.AppInfoParser     : Kafka commitId: f745dfdcee2b9851
2025-10-27T11:15:03.287+05:30  INFO 15532 --- [bpcl] [http-nio-8080-exec-3] o.a.kafka.common.utils.AppInfoParser     : Kafka startTimeMs: 1761543903275
2025-10-27T11:15:05.328+05:30  INFO 15532 --- [bpcl] [kafka-producer-network-thread | bpcl-producer-1] org.apache.kafka.clients.Metadata        : [Producer clientId=bpcl-producer-1] Cluster ID: D7e2kCwYSdOZyTy5mLJ8DA
2025-10-27T11:15:05.339+05:30  INFO 15532 --- [bpcl] [kafka-producer-network-thread | bpcl-producer-1] o.a.k.c.p.internals.TransactionManager   : [Producer clientId=bpcl-producer-1] ProducerId set to 2002 with epoch 0
2025-10-27T12:42:47.620+05:30  INFO 15532 --- [bpcl] [RMI TCP Connection(99)-127.0.0.1] inMXBeanRegistrar$SpringApplicationAdmin : Application shutdown requested.
2025-10-27T12:42:47.620+05:30  INFO 15532 --- [bpcl] [RMI TCP Connection(94)-127.0.0.1] inMXBeanRegistrar$SpringApplicationAdmin : Application shutdown requested.
2025-10-27T12:42:47.620+05:30  INFO 15532 --- [bpcl] [RMI TCP Connection(98)-127.0.0.1] inMXBeanRegistrar$SpringApplicationAdmin : Application shutdown requested.
2025-10-27T12:42:48.507+05:30  INFO 15532 --- [bpcl] [RMI TCP Connection(98)-127.0.0.1] o.s.b.w.e.tomcat.GracefulShutdown        : Commencing graceful shutdown. Waiting for active requests to complete
2025-10-27T12:42:48.642+05:30  INFO 15532 --- [bpcl] [tomcat-shutdown] o.s.b.w.e.tomcat.GracefulShutdown        : Graceful shutdown complete
2025-10-27T12:42:48.762+05:30  INFO 15532 --- [bpcl] [RMI TCP Connection(98)-127.0.0.1] o.a.k.clients.producer.KafkaProducer     : [Producer clientId=bpcl-producer-1] Closing the Kafka producer with timeoutMillis = 30000 ms.
2025-10-27T12:42:48.948+05:30  INFO 15532 --- [bpcl] [RMI TCP Connection(98)-127.0.0.1] o.apache.kafka.common.metrics.Metrics    : Metrics scheduler closed
2025-10-27T12:42:48.956+05:30  INFO 15532 --- [bpcl] [RMI TCP Connection(98)-127.0.0.1] o.apache.kafka.common.metrics.Metrics    : Closing reporter org.apache.kafka.common.metrics.JmxReporter
2025-10-27T12:42:48.969+05:30  INFO 15532 --- [bpcl] [RMI TCP Connection(98)-127.0.0.1] o.apache.kafka.common.metrics.Metrics    : Closing reporter org.apache.kafka.common.telemetry.internals.ClientTelemetryReporter
2025-10-27T12:42:48.977+05:30  INFO 15532 --- [bpcl] [RMI TCP Connection(98)-127.0.0.1] o.apache.kafka.common.metrics.Metrics    : Metrics reporters closed
2025-10-27T12:42:48.995+05:30  INFO 15532 --- [bpcl] [RMI TCP Connection(98)-127.0.0.1] o.a.kafka.common.utils.AppInfoParser     : App info kafka.producer for bpcl-producer-1 unregistered
2025-10-27T12:42:49.623+05:30  INFO 15532 --- [bpcl] [RMI TCP Connection(98)-127.0.0.1] j.LocalContainerEntityManagerFactoryBean : Closing JPA EntityManagerFactory for persistence unit 'default'
2025-10-27T12:42:49.845+05:30  INFO 15532 --- [bpcl] [RMI TCP Connection(98)-127.0.0.1] com.zaxxer.hikari.HikariDataSource       : HikariPool-1 - Shutdown initiated...
2025-10-27T12:42:49.894+05:30  INFO 15532 --- [bpcl] [RMI TCP Connection(98)-127.0.0.1] com.zaxxer.hikari.HikariDataSource       : HikariPool-1 - Shutdown completed.
2025-10-27T14:26:24.509+05:30  INFO 772 --- [bpcl] [restartedMain] com.bpcl.BpclApplication                 : Starting BpclApplication using Java 21.0.6 with PID 772 (D:\August2025\bpcl\target\classes started by ctel in D:\August2025\bpcl)
2025-10-27T14:26:24.523+05:30  INFO 772 --- [bpcl] [restartedMain] com.bpcl.BpclApplication                 : No active profile set, falling back to 1 default profile: "default"
2025-10-27T14:26:24.814+05:30  INFO 772 --- [bpcl] [restartedMain] .e.DevToolsPropertyDefaultsPostProcessor : Devtools property defaults active! Set 'spring.devtools.add-properties' to 'false' to disable
2025-10-27T14:26:24.819+05:30  INFO 772 --- [bpcl] [restartedMain] .e.DevToolsPropertyDefaultsPostProcessor : For additional web related logging consider setting the 'logging.level.web' property to 'DEBUG'
2025-10-27T14:26:31.941+05:30  INFO 772 --- [bpcl] [restartedMain] .s.d.r.c.RepositoryConfigurationDelegate : Bootstrapping Spring Data JPA repositories in DEFAULT mode.
2025-10-27T14:26:32.086+05:30  INFO 772 --- [bpcl] [restartedMain] .s.d.r.c.RepositoryConfigurationDelegate : Finished Spring Data repository scanning in 65 ms. Found 0 JPA repository interfaces.
2025-10-27T14:26:34.928+05:30  INFO 772 --- [bpcl] [restartedMain] o.s.b.w.embedded.tomcat.TomcatWebServer  : Tomcat initialized with port 8080 (http)
2025-10-27T14:26:34.998+05:30  INFO 772 --- [bpcl] [restartedMain] o.apache.catalina.core.StandardService   : Starting service [Tomcat]
2025-10-27T14:26:34.999+05:30  INFO 772 --- [bpcl] [restartedMain] o.apache.catalina.core.StandardEngine    : Starting Servlet engine: [Apache Tomcat/10.1.46]
2025-10-27T14:26:35.200+05:30  INFO 772 --- [bpcl] [restartedMain] o.a.c.c.C.[Tomcat].[localhost].[/]       : Initializing Spring embedded WebApplicationContext
2025-10-27T14:26:35.202+05:30  INFO 772 --- [bpcl] [restartedMain] w.s.c.ServletWebServerApplicationContext : Root WebApplicationContext: initialization completed in 10374 ms
2025-10-27T14:26:35.831+05:30  INFO 772 --- [bpcl] [restartedMain] com.zaxxer.hikari.HikariDataSource       : HikariPool-1 - Starting...
2025-10-27T14:26:36.285+05:30  INFO 772 --- [bpcl] [restartedMain] com.zaxxer.hikari.pool.HikariPool        : HikariPool-1 - Added connection org.postgresql.jdbc.PgConnection@4549bee4
2025-10-27T14:26:36.293+05:30  INFO 772 --- [bpcl] [restartedMain] com.zaxxer.hikari.HikariDataSource       : HikariPool-1 - Start completed.
2025-10-27T14:26:36.573+05:30  INFO 772 --- [bpcl] [restartedMain] o.hibernate.jpa.internal.util.LogHelper  : HHH000204: Processing PersistenceUnitInfo [name: default]
2025-10-27T14:26:36.907+05:30  INFO 772 --- [bpcl] [restartedMain] org.hibernate.Version                    : HHH000412: Hibernate ORM core version 6.6.29.Final
2025-10-27T14:26:37.073+05:30  INFO 772 --- [bpcl] [restartedMain] o.h.c.internal.RegionFactoryInitiator    : HHH000026: Second-level cache disabled
2025-10-27T14:26:38.367+05:30  INFO 772 --- [bpcl] [restartedMain] o.s.o.j.p.SpringPersistenceUnitInfo      : No LoadTimeWeaver setup: ignoring JPA class transformer
2025-10-27T14:26:38.651+05:30  WARN 772 --- [bpcl] [restartedMain] org.hibernate.orm.deprecation            : HHH90000025: PostgreSQLDialect does not need to be specified explicitly using 'hibernate.dialect' (remove the property setting and it will be selected by default)
2025-10-27T14:26:38.711+05:30  INFO 772 --- [bpcl] [restartedMain] org.hibernate.orm.connections.pooling    : HHH10001005: Database info:
	Database JDBC URL [Connecting through datasource 'HikariDataSource (HikariPool-1)']
	Database driver: undefined/unknown
	Database version: 13.8.12
	Autocommit mode: undefined/unknown
	Isolation level: undefined/unknown
	Minimum pool size: undefined/unknown
	Maximum pool size: undefined/unknown
2025-10-27T14:26:39.983+05:30  INFO 772 --- [bpcl] [restartedMain] o.h.e.t.j.p.i.JtaPlatformInitiator       : HHH000489: No JTA platform available (set 'hibernate.transaction.jta.platform' to enable JTA platform integration)
2025-10-27T14:26:40.005+05:30  INFO 772 --- [bpcl] [restartedMain] j.LocalContainerEntityManagerFactoryBean : Initialized JPA EntityManagerFactory for persistence unit 'default'
2025-10-27T14:26:40.586+05:30  WARN 772 --- [bpcl] [restartedMain] JpaBaseConfiguration$JpaWebConfiguration : spring.jpa.open-in-view is enabled by default. Therefore, database queries may be performed during view rendering. Explicitly configure spring.jpa.open-in-view to disable this warning
2025-10-27T14:26:42.425+05:30  INFO 772 --- [bpcl] [restartedMain] o.s.b.d.a.OptionalLiveReloadServer       : LiveReload server is running on port 35729
2025-10-27T14:26:42.618+05:30  INFO 772 --- [bpcl] [restartedMain] o.s.b.w.embedded.tomcat.TomcatWebServer  : Tomcat started on port 8080 (http) with context path '/'
2025-10-27T14:26:42.671+05:30  INFO 772 --- [bpcl] [restartedMain] com.bpcl.BpclApplication                 : Started BpclApplication in 22.486 seconds (process running for 28.325)
2025-10-27T14:29:48.585+05:30  INFO 772 --- [bpcl] [http-nio-8080-exec-2] o.a.c.c.C.[Tomcat].[localhost].[/]       : Initializing Spring DispatcherServlet 'dispatcherServlet'
2025-10-27T14:29:48.612+05:30  INFO 772 --- [bpcl] [http-nio-8080-exec-2] o.s.web.servlet.DispatcherServlet        : Initializing Servlet 'dispatcherServlet'
2025-10-27T14:29:48.776+05:30  INFO 772 --- [bpcl] [http-nio-8080-exec-2] o.s.web.servlet.DispatcherServlet        : Completed initialization in 162 ms
2025-10-27T14:29:51.300+05:30  INFO 772 --- [bpcl] [http-nio-8080-exec-2] o.a.k.clients.producer.ProducerConfig    : ProducerConfig values: 
	acks = -1
	auto.include.jmx.reporter = true
	batch.size = 16384
	bootstrap.servers = [10.10.10.98:9092]
	buffer.memory = 33554432
	client.dns.lookup = use_all_dns_ips
	client.id = bpcl-producer-1
	compression.gzip.level = -1
	compression.lz4.level = 9
	compression.type = none
	compression.zstd.level = 3
	connections.max.idle.ms = 540000
	delivery.timeout.ms = 120000
	enable.idempotence = true
	enable.metrics.push = true
	interceptor.classes = []
	key.serializer = class org.apache.kafka.common.serialization.StringSerializer
	linger.ms = 0
	max.block.ms = 60000
	max.in.flight.requests.per.connection = 5
	max.request.size = 1048576
	metadata.max.age.ms = 300000
	metadata.max.idle.ms = 300000
	metadata.recovery.strategy = none
	metric.reporters = []
	metrics.num.samples = 2
	metrics.recording.level = INFO
	metrics.sample.window.ms = 30000
	partitioner.adaptive.partitioning.enable = true
	partitioner.availability.timeout.ms = 0
	partitioner.class = null
	partitioner.ignore.keys = false
	receive.buffer.bytes = 32768
	reconnect.backoff.max.ms = 1000
	reconnect.backoff.ms = 50
	request.timeout.ms = 30000
	retries = 2147483647
	retry.backoff.max.ms = 1000
	retry.backoff.ms = 100
	sasl.client.callback.handler.class = null
	sasl.jaas.config = null
	sasl.kerberos.kinit.cmd = /usr/bin/kinit
	sasl.kerberos.min.time.before.relogin = 60000
	sasl.kerberos.service.name = null
	sasl.kerberos.ticket.renew.jitter = 0.05
	sasl.kerberos.ticket.renew.window.factor = 0.8
	sasl.login.callback.handler.class = null
	sasl.login.class = null
	sasl.login.connect.timeout.ms = null
	sasl.login.read.timeout.ms = null
	sasl.login.refresh.buffer.seconds = 300
	sasl.login.refresh.min.period.seconds = 60
	sasl.login.refresh.window.factor = 0.8
	sasl.login.refresh.window.jitter = 0.05
	sasl.login.retry.backoff.max.ms = 10000
	sasl.login.retry.backoff.ms = 100
	sasl.mechanism = GSSAPI
	sasl.oauthbearer.clock.skew.seconds = 30
	sasl.oauthbearer.expected.audience = null
	sasl.oauthbearer.expected.issuer = null
	sasl.oauthbearer.header.urlencode = false
	sasl.oauthbearer.jwks.endpoint.refresh.ms = 3600000
	sasl.oauthbearer.jwks.endpoint.retry.backoff.max.ms = 10000
	sasl.oauthbearer.jwks.endpoint.retry.backoff.ms = 100
	sasl.oauthbearer.jwks.endpoint.url = null
	sasl.oauthbearer.scope.claim.name = scope
	sasl.oauthbearer.sub.claim.name = sub
	sasl.oauthbearer.token.endpoint.url = null
	security.protocol = PLAINTEXT
	security.providers = null
	send.buffer.bytes = 131072
	socket.connection.setup.timeout.max.ms = 30000
	socket.connection.setup.timeout.ms = 10000
	ssl.cipher.suites = null
	ssl.enabled.protocols = [TLSv1.2, TLSv1.3]
	ssl.endpoint.identification.algorithm = https
	ssl.engine.factory.class = null
	ssl.key.password = null
	ssl.keymanager.algorithm = SunX509
	ssl.keystore.certificate.chain = null
	ssl.keystore.key = null
	ssl.keystore.location = null
	ssl.keystore.password = null
	ssl.keystore.type = JKS
	ssl.protocol = TLSv1.3
	ssl.provider = null
	ssl.secure.random.implementation = null
	ssl.trustmanager.algorithm = PKIX
	ssl.truststore.certificates = null
	ssl.truststore.location = null
	ssl.truststore.password = null
	ssl.truststore.type = JKS
	transaction.timeout.ms = 60000
	transactional.id = null
	value.serializer = class org.apache.kafka.common.serialization.StringSerializer

2025-10-27T14:29:51.552+05:30  INFO 772 --- [bpcl] [http-nio-8080-exec-2] o.a.k.c.t.i.KafkaMetricsCollector        : initializing Kafka metrics collector
2025-10-27T14:29:51.649+05:30  INFO 772 --- [bpcl] [http-nio-8080-exec-2] o.a.k.clients.producer.KafkaProducer     : [Producer clientId=bpcl-producer-1] Instantiated an idempotent producer.
2025-10-27T14:29:51.898+05:30  INFO 772 --- [bpcl] [http-nio-8080-exec-2] o.a.kafka.common.utils.AppInfoParser     : Kafka version: 3.9.1
2025-10-27T14:29:51.900+05:30  INFO 772 --- [bpcl] [http-nio-8080-exec-2] o.a.kafka.common.utils.AppInfoParser     : Kafka commitId: f745dfdcee2b9851
2025-10-27T14:29:51.901+05:30  INFO 772 --- [bpcl] [http-nio-8080-exec-2] o.a.kafka.common.utils.AppInfoParser     : Kafka startTimeMs: 1761555591886
2025-10-27T14:29:54.664+05:30  INFO 772 --- [bpcl] [kafka-producer-network-thread | bpcl-producer-1] org.apache.kafka.clients.Metadata        : [Producer clientId=bpcl-producer-1] Cluster ID: D7e2kCwYSdOZyTy5mLJ8DA
2025-10-27T14:29:54.668+05:30  INFO 772 --- [bpcl] [kafka-producer-network-thread | bpcl-producer-1] o.a.k.c.p.internals.TransactionManager   : [Producer clientId=bpcl-producer-1] ProducerId set to 2003 with epoch 0
2025-10-27T16:02:38.449+05:30  INFO 772 --- [bpcl] [RMI TCP Connection(109)-127.0.0.1] inMXBeanRegistrar$SpringApplicationAdmin : Application shutdown requested.
2025-10-27T16:02:38.449+05:30  INFO 772 --- [bpcl] [RMI TCP Connection(113)-127.0.0.1] inMXBeanRegistrar$SpringApplicationAdmin : Application shutdown requested.
2025-10-27T16:02:38.449+05:30  INFO 772 --- [bpcl] [RMI TCP Connection(110)-127.0.0.1] inMXBeanRegistrar$SpringApplicationAdmin : Application shutdown requested.
2025-10-27T16:02:38.449+05:30  INFO 772 --- [bpcl] [RMI TCP Connection(114)-127.0.0.1] inMXBeanRegistrar$SpringApplicationAdmin : Application shutdown requested.
2025-10-27T16:02:38.449+05:30  INFO 772 --- [bpcl] [RMI TCP Connection(115)-127.0.0.1] inMXBeanRegistrar$SpringApplicationAdmin : Application shutdown requested.
2025-10-27T16:02:38.449+05:30  INFO 772 --- [bpcl] [RMI TCP Connection(111)-127.0.0.1] inMXBeanRegistrar$SpringApplicationAdmin : Application shutdown requested.
2025-10-27T16:02:38.449+05:30  INFO 772 --- [bpcl] [RMI TCP Connection(108)-127.0.0.1] inMXBeanRegistrar$SpringApplicationAdmin : Application shutdown requested.
2025-10-27T16:02:38.449+05:30  INFO 772 --- [bpcl] [RMI TCP Connection(112)-127.0.0.1] inMXBeanRegistrar$SpringApplicationAdmin : Application shutdown requested.
2025-10-27T16:02:38.886+05:30  INFO 772 --- [bpcl] [RMI TCP Connection(113)-127.0.0.1] o.s.b.w.e.tomcat.GracefulShutdown        : Commencing graceful shutdown. Waiting for active requests to complete
2025-10-27T16:02:38.979+05:30  INFO 772 --- [bpcl] [tomcat-shutdown] o.s.b.w.e.tomcat.GracefulShutdown        : Graceful shutdown complete
2025-10-27T16:02:39.160+05:30  INFO 772 --- [bpcl] [RMI TCP Connection(113)-127.0.0.1] o.a.k.clients.producer.KafkaProducer     : [Producer clientId=bpcl-producer-1] Closing the Kafka producer with timeoutMillis = 30000 ms.
2025-10-27T16:02:39.337+05:30  INFO 772 --- [bpcl] [RMI TCP Connection(113)-127.0.0.1] o.apache.kafka.common.metrics.Metrics    : Metrics scheduler closed
2025-10-27T16:02:39.339+05:30  INFO 772 --- [bpcl] [RMI TCP Connection(113)-127.0.0.1] o.apache.kafka.common.metrics.Metrics    : Closing reporter org.apache.kafka.common.metrics.JmxReporter
2025-10-27T16:02:39.342+05:30  INFO 772 --- [bpcl] [RMI TCP Connection(113)-127.0.0.1] o.apache.kafka.common.metrics.Metrics    : Closing reporter org.apache.kafka.common.telemetry.internals.ClientTelemetryReporter
2025-10-27T16:02:39.343+05:30  INFO 772 --- [bpcl] [RMI TCP Connection(113)-127.0.0.1] o.apache.kafka.common.metrics.Metrics    : Metrics reporters closed
2025-10-27T16:02:39.351+05:30  INFO 772 --- [bpcl] [RMI TCP Connection(113)-127.0.0.1] o.a.kafka.common.utils.AppInfoParser     : App info kafka.producer for bpcl-producer-1 unregistered
2025-10-27T16:02:39.460+05:30  INFO 772 --- [bpcl] [RMI TCP Connection(113)-127.0.0.1] j.LocalContainerEntityManagerFactoryBean : Closing JPA EntityManagerFactory for persistence unit 'default'
2025-10-27T16:02:39.610+05:30  INFO 772 --- [bpcl] [RMI TCP Connection(113)-127.0.0.1] com.zaxxer.hikari.HikariDataSource       : HikariPool-1 - Shutdown initiated...
2025-10-27T16:02:39.636+05:30  INFO 772 --- [bpcl] [RMI TCP Connection(113)-127.0.0.1] com.zaxxer.hikari.HikariDataSource       : HikariPool-1 - Shutdown completed.
